エクステンション "Dia Input"のロードに失敗しました。理由: (プログラムの) 依存関係が満たされませんでした。
依存関係:
  タイプ: executable
  場所: パス
  文字列: dia
  説明: Dia ファイルをインポートするには、Dia 自身がインストールされていなければなりません。Dia は http://live.gnome.org/Dia/ から入手できます。

エクステンション "DXF Output"のロードに失敗しました。理由: (プログラムの) 依存関係が満たされませんでした。
依存関係:
  タイプ: executable
  場所: パス
  文字列: pstoedit
  説明: 実行には pstoedit のインストールが必要です。http://www.pstoedit.net/pstoedit を参照してください。

エクステンション "EPS Input"のロードに失敗しました。理由: (プログラムの) 依存関係が満たされませんでした。
依存関係:
  タイプ: extension
  場所: パス
  文字列: org.inkscape.input.pdf

エクステンション "EPS Input"のロードに失敗しました。理由: (プログラムの) 依存関係が満たされませんでした。
依存関係:
  タイプ: executable
  場所: パス
  文字列: ps2pdf

エクステンション "LaTeX formula"のロードに失敗しました。理由: (プログラムの) 依存関係が満たされませんでした。
依存関係:
  タイプ: executable
  場所: パス
  文字列: latex

エクステンション "LaTeX formula"のロードに失敗しました。理由: (プログラムの) 依存関係が満たされませんでした。
依存関係:
  タイプ: executable
  場所: パス
  文字列: dvips

エクステンション "LaTeX formula"のロードに失敗しました。理由: (プログラムの) 依存関係が満たされませんでした。
依存関係:
  タイプ: executable
  場所: パス
  文字列: pstoedit

エクステンション "XFIG Input"のロードに失敗しました。理由: (プログラムの) 依存関係が満たされませんでした。
依存関係:
  タイプ: executable
  場所: パス
  文字列: fig2dev

エクステンション "GIMP XCF"のロードに失敗しました。理由: (プログラムの) 依存関係が満たされませんでした。
依存関係:
  タイプ: executable
  場所: パス
  文字列: gimp

エクステンション "PostScript Input"のロードに失敗しました。理由: (プログラムの) 依存関係が満たされませんでした。
依存関係:
  タイプ: extension
  場所: パス
  文字列: org.inkscape.input.pdf

エクステンション "PostScript Input"のロードに失敗しました。理由: (プログラムの) 依存関係が満たされませんでした。
依存関係:
  タイプ: executable
  場所: パス
  文字列: ps2pdf

エクステンション "Sketch Input"のロードに失敗しました。理由: (プログラムの) 依存関係が満たされませんでした。
依存関係:
  タイプ: executable
  場所: パス
  文字列: skconvert

